 
****************************************
Report : power
        -analysis_effort low
Design : cla
Version: X-2025.06-SP4
Date   : Wed Feb 11 22:35:44 2026
****************************************


Library(s) Used:

    class (File: /home/net/synopsys/installs/syn/X-2025.06-SP4/libraries/syn/class.db)

Information: The cells in your design are not characterized for internal power. (PWR-229)

Operating Conditions: nom_pvt   Library: class
Wire Load Model Mode: top

Design        Wire Load Model            Library
------------------------------------------------
cla                    05x05             class


Global Operating Voltage = 5    
Power-specific unit information :
    Voltage Units = 1V
    Capacitance Units = 0.100000ff
    Time Units = 1ns
    Dynamic Power Units = 100nW    (derived from V,C,T units)
    Leakage Power Units = Unitless


Attributes
----------
i - Including register clock pin internal power


  Cell Internal Power  =   0.0000 nW    (0%)
  Net Switching Power  =  13.7335 uW  (100%)
                         ---------
Total Dynamic Power    =  13.7335 uW  (100%)

Cell Leakage Power     =   0.0000 

Error: Either dynamic power or leakage power, in the library, is unitless. Unable to display complete power group summary. (PWR-799)
Information: report_power power group summary does not include estimated clock tree power. (PWR-789)

                 Internal         Switching           Leakage            Total
Power Group      Power            Power               Power              Power   (   %    )  Attrs
--------------------------------------------------------------------------------------------------
io_pad             0.0000            0.0000            0.0000               NA   (     N/A)
memory             0.0000            0.0000            0.0000               NA   (     N/A)
black_box          0.0000            0.0000            0.0000               NA   (     N/A)
clock_network      0.0000            0.0000            0.0000               NA   (     N/A)  i
register           0.0000            0.0000            0.0000               NA   (     N/A)
sequential         0.0000            0.0000            0.0000               NA   (     N/A)
combinational      0.0000        1.3733e+04            0.0000               NA   (     N/A)
--------------------------------------------------------------------------------------------------
Total              0.0000 nW     1.3733e+04 nW         0.0000               NA        
1
