 
****************************************
Report : area
Design : rca
Version: X-2025.06-SP4
Date   : Wed Feb 11 22:45:33 2026
****************************************

Library(s) Used:

    class (File: /home/net/synopsys/installs/syn/X-2025.06-SP4/libraries/syn/class.db)

Number of ports:                           14
Number of nets:                            63
Number of cells:                           54
Number of combinational cells:             54
Number of sequential cells:                 0
Number of macros/black boxes:               0
Number of buf/inv:                         17
Number of references:                       8

Combinational area:                 94.000000
Buf/Inv area:                       38.000000
Noncombinational area:               0.000000
Macro/Black Box area:                0.000000
Net Interconnect area:      undefined  (Wire load has zero net area)

Total cell area:                    94.000000
Total area:                 undefined

Hierarchical area distribution
------------------------------

                                  Global cell area          Local cell area
                                  ------------------  --------------------------- 
Hierarchical cell                 Absolute   Percent  Combi-    Noncombi-  Black-
                                  Total      Total    national  national   boxes   Design
--------------------------------  ---------  -------  --------  ---------  ------  ---------
rca                                 94.0000    100.0   94.0000     0.0000  0.0000  rca
--------------------------------  ---------  -------  --------  ---------  ------  ---------
Total                                                  94.0000     0.0000  0.0000

1
