Warning: Can't read link_library file 'your_library.db'. (UID-3)
Error: Could not read the following target libraries:
your_library.db 
 (UIO-3)
Information: Checking out the license 'DesignWare'. (SEC-104)
Information: Updating graph... (UID-83)
Information: Updating design information... (UID-85)
 
****************************************
Report : timing
        -path full
        -delay max
        -max_paths 1
Design : shift_reg
Version: X-2025.06-SP4
Date   : Mon Mar  2 14:41:31 2026
****************************************

Operating Conditions: nom_pvt   Library: dw_foundation.sldb
Wire Load Model Mode: top

  Startpoint: stages_reg[0][0]
              (rising edge-triggered flip-flop clocked by clk)
  Endpoint: stages_reg[1][0]
            (rising edge-triggered flip-flop clocked by clk)
  Path Group: clk
  Path Type: max

  Point                                                   Incr       Path
  --------------------------------------------------------------------------
  clock clk (rise edge)                                   0.00       0.00
  clock network delay (ideal)                             0.00       0.00
  stages_reg[0][0]/clocked_on (**SEQGEN**)                0.00       0.00 r
  stages_reg[0][0]/Q (**SEQGEN**)                         0.00       0.00 r
  C82/Z_8 (*SELECT_OP_2.32_2.1_32)                        0.00       0.00 r
  stages_reg[1][0]/next_state (**SEQGEN**)                0.00       0.00 r
  data arrival time                                                  0.00

  clock clk (rise edge)                                  10.00      10.00
  clock network delay (ideal)                             0.00      10.00
  stages_reg[1][0]/clocked_on (**SEQGEN**)                0.00      10.00 r
  library setup time                                      0.00      10.00
  data required time                                                10.00
  --------------------------------------------------------------------------
  data required time                                                10.00
  data arrival time                                                  0.00
  --------------------------------------------------------------------------
  slack (MET)                                                       10.00


1
